Using pre-set license

 COMMAND LINE ARGUMENTS:
/Applications/Unity/Hub/Editor/2020.3.12f1/Unity.app/Contents/MacOS/Unity
-adb2
-batchMode
-noUpm
-name
AssetImportWorker0
-projectPath
/Users/k20025/MyPersonalDrone
-logFile
Logs/AssetImportWorker0.log
-srvPort
64036
Successfully changed project path to: /Users/k20025/MyPersonalDrone
/Users/k20025/MyPersonalDrone
Using Asset Import Pipeline V2.
Refreshing native plugins compatible for Editor in 103.59 ms, found 4 plugins.
Preloading 0 native plugins for Editor in 0.00 ms.
Initialize engine version: 2020.3.12f1 (b3b2c6512326)
[Subsystems] Discovering subsystems at path /Applications/Unity/Hub/Editor/2020.3.12f1/Unity.app/Contents/Resources/UnitySubsystems
[Subsystems] Discovering subsystems at path /Users/k20025/MyPersonalDrone/Assets
GfxDevice: creating device client; threaded=0
2021-12-07 07:51:01.669 Unity[52810:1519443] Color LCD preferred device: Intel(R) UHD Graphics 617 (low power)
2021-12-07 07:51:01.669 Unity[52810:1519443] Metal devices available: 1
2021-12-07 07:51:01.669 Unity[52810:1519443] 0: Intel(R) UHD Graphics 617 (low power)
2021-12-07 07:51:01.670 Unity[52810:1519443] Using device Intel(R) UHD Graphics 617 (low power)
Initializing Metal device caps: Intel(R) UHD Graphics 617
Initialize mono
Mono path[0] = '/Applications/Unity/Hub/Editor/2020.3.12f1/Unity.app/Contents/Managed'
Mono path[1] = '/Applications/Unity/Hub/Editor/2020.3.12f1/Unity.app/Contents/MonoBleedingEdge/lib/mono/unityjit'
Mono config path = '/Applications/Unity/Hub/Editor/2020.3.12f1/Unity.app/Contents/MonoBleedingEdge/etc'
Using monoOptions --debugger-agent=transport=dt_socket,embedding=1,server=y,suspend=n,address=127.0.0.1:56810
Begin MonoManager ReloadAssembly
Registering precompiled unity dll's ...
Register platform support module: /Applications/Unity/Hub/Editor/2020.3.12f1/Unity.app/Contents/PlaybackEngines/MacStandaloneSupport/UnityEditor.OSXStandalone.Extensions.dll
Registered in 0.001384 seconds.
Native extension for OSXStandalone target not found
Refreshing native plugins compatible for Editor in 89.63 ms, found 4 plugins.
Preloading 0 native plugins for Editor in 0.00 ms.
Mono: successfully reloaded assembly
- Completed reload, in  4.738 seconds
Platform modules already initialized, skipping
Registering precompiled user dll's ...
Registered in 0.014205 seconds.
Begin MonoManager ReloadAssembly
Native extension for OSXStandalone target not found
Refreshing native plugins compatible for Editor in 3.86 ms, found 4 plugins.
Preloading 0 native plugins for Editor in 0.00 ms.
Mono: successfully reloaded assembly
- Completed reload, in  6.136 seconds
Platform modules already initialized, skipping
========================================================================
Worker process is ready to serve import requests
Launching external process: /Applications/Unity/Hub/Editor/2020.3.12f1/Unity.app/Contents/Tools/UnityShaderCompiler
Launched and connected shader compiler UnityShaderCompiler after 0.09 seconds
Refreshing native plugins compatible for Editor in 4.44 ms, found 4 plugins.
Preloading 0 native plugins for Editor in 0.00 ms.
Unloading 1464 Unused Serialized files (Serialized files now loaded: 0)
System memory in use before: 169.6 MB.
System memory in use after: 169.7 MB.

Unloading 81 unused Assets to reduce memory usage. Loaded Objects now: 1899.
Total: 8.201530 ms (FindLiveObjects: 0.589714 ms CreateObjectMapping: 0.201011 ms MarkObjects: 7.056268 ms  DeleteObjects: 0.349096 ms)

AssetImportParameters requested are different than current active one (requested -> active):
  custom:video-decoder-ogg-theora: a1e56fd34408186e4bbccfd4996cb3dc -> 
  custom:container-muxer-webm: aa71ff27fc2769a1b78a27578f13a17b -> 
  custom:container-demuxer-webm: 4f35f7cbe854078d1ac9338744f61a02 -> 
  custom:container-demuxer-ogg: 62fdf1f143b41e24485cea50d1cbac27 -> 
  custom:video-encoder-webm-vp8: eb34c28f22e8b96e1ab97ce403110664 -> 
  custom:framework-osx-AVFoundation: e770b220cccbd017edd2c1fefb359320 -> 
  custom:video-decoder-webm-vp8: 9c59270c3fd7afecdb556c50c9e8de78 -> 
  custom:audio-decoder-ogg-vorbis: bf7c407c2cedff20999df2af8eb42d56 -> 
  custom:audio-encoder-webm-vorbis: bf7c407c2cedff20999df2af8eb42d56 -> 
========================================================================
Received Import Request.
  path: Assets/Scenes/Title.unity
  artifactKey: Guid(e3affb2d630374a00bac8bf523fa5028) Importer(815301076,1909f56bfc062723c751e8b465ee728b)
Start importing Assets/Scenes/Title.unity using Guid(e3affb2d630374a00bac8bf523fa5028) Importer(815301076,1909f56bfc062723c751e8b465ee728b)  -> (artifact id: '5c9a81d20b47ab4b0dd965e78d0e0c0b') in 0.026713 seconds 
  Import took 0.032428 seconds .

========================================================================
Received Import Request.
  Time since last request: 0.014820 seconds.
  path: Assets/Scenes/Title.unity
  artifactKey: Guid(e3affb2d630374a00bac8bf523fa5028) Importer(815301076,1909f56bfc062723c751e8b465ee728b)
Start importing Assets/Scenes/Title.unity using Guid(e3affb2d630374a00bac8bf523fa5028) Importer(815301076,1909f56bfc062723c751e8b465ee728b)  -> (artifact id: '5c9a81d20b47ab4b0dd965e78d0e0c0b') in 0.002695 seconds 
  Import took 0.009643 seconds .

========================================================================
Received Import Request.
  Time since last request: 95.683743 seconds.
  path: Assets/New Terrain.asset
  artifactKey: Guid(2a595bd0be0c74a99a075b64ba1480ad) Importer(815301076,1909f56bfc062723c751e8b465ee728b)
Start importing Assets/New Terrain.asset using Guid(2a595bd0be0c74a99a075b64ba1480ad) Importer(815301076,1909f56bfc062723c751e8b465ee728b) Tree prefab at index 0 is missing.

 -> (artifact id: '9cf19982647dfe2a0cd9cda669fb82ae') in 0.796901 seconds 
  Import took 0.802144 seconds .

